<?xml version="1.0" encoding="UTF-8"?>
<!-- Generated by org.testng.reporters.JUnitXMLReporter -->
<testsuite ignored="0" hostname="Nani" failures="0" tests="4" name="Test" time="14.575" errors="0" timestamp="2025-05-11T18:00:39 IST">
  <testcase classname="api.test.UserTests" name="post_User" time="7.717"/>
  <testcase classname="api.test.UserTests" name="get_User" time="1.087"/>
  <testcase classname="api.test.UserTests" name="update_user" time="2.838"/>
  <testcase classname="api.test.UserTests" name="delete_user" time="1.537"/>
</testsuite> <!-- Test -->
