<?xml version="1.0" encoding="UTF-8"?>
<testng-results ignored="0" total="4" passed="4" failed="0" skipped="0">
  <reporter-output>
  </reporter-output>
  <suite started-at="2025-05-11T18:18:02 IST" name="Suite" finished-at="2025-05-11T18:18:20 IST" duration-ms="18169">
    <groups>
    </groups>
    <test started-at="2025-05-11T18:18:02 IST" name="Test" finished-at="2025-05-11T18:18:20 IST" duration-ms="18169">
      <class name="api.test.UserTests">
        <test-method is-config="true" signature="setup()[pri:0, instance:api.test.UserTests@f6efaab]" started-at="2025-05-11T18:18:03 IST" name="setup" finished-at="2025-05-11T18:18:03 IST" duration-ms="622" status="PASS">
          <reporter-output>
          </reporter-output>
        </test-method> <!-- setup -->
        <test-method signature="post_User(org.testng.ITestContext)[pri:1, instance:api.test.UserTests@f6efaab]" started-at="2025-05-11T18:18:03 IST" name="post_User" finished-at="2025-05-11T18:18:13 IST" duration-ms="9793" status="PASS">
          <params>
            <param index="0">
              <value>
                <![CDATA[org.testng.TestRunner@45e9b12d]]>
              </value>
            </param>
          </params>
          <reporter-output>
          </reporter-output>
        </test-method> <!-- post_User -->
        <test-method signature="get_User(org.testng.ITestContext)[pri:2, instance:api.test.UserTests@f6efaab]" started-at="2025-05-11T18:18:13 IST" name="get_User" finished-at="2025-05-11T18:18:15 IST" duration-ms="1638" status="PASS">
          <params>
            <param index="0">
              <value>
                <![CDATA[org.testng.TestRunner@45e9b12d]]>
              </value>
            </param>
          </params>
          <reporter-output>
          </reporter-output>
        </test-method> <!-- get_User -->
        <test-method signature="update_user(org.testng.ITestContext)[pri:3, instance:api.test.UserTests@f6efaab]" started-at="2025-05-11T18:18:15 IST" name="update_user" finished-at="2025-05-11T18:18:18 IST" duration-ms="3062" status="PASS">
          <params>
            <param index="0">
              <value>
                <![CDATA[org.testng.TestRunner@45e9b12d]]>
              </value>
            </param>
          </params>
          <reporter-output>
          </reporter-output>
        </test-method> <!-- update_user -->
        <test-method signature="delete_user(org.testng.ITestContext)[pri:4, instance:api.test.UserTests@f6efaab]" started-at="2025-05-11T18:18:18 IST" name="delete_user" finished-at="2025-05-11T18:18:20 IST" duration-ms="2415" status="PASS">
          <params>
            <param index="0">
              <value>
                <![CDATA[org.testng.TestRunner@45e9b12d]]>
              </value>
            </param>
          </params>
          <reporter-output>
          </reporter-output>
        </test-method> <!-- delete_user -->
      </class> <!-- api.test.UserTests -->
    </test> <!-- Test -->
  </suite> <!-- Suite -->
</testng-results>
