<?xml version="1.0" encoding="UTF-8"?>
<testsuite xmlns:xsi="http://www.w3.org/2001/XMLSchema-instance" xsi:noNamespaceSchemaLocation="https://maven.apache.org/surefire/maven-surefire-plugin/xsd/surefire-test-report.xsd" version="3.0.2" name="TestSuite" time="20.248" tests="4" errors="0" skipped="0" failures="0">
  <properties>
[...]
</properties>
  <testcase name="post_User[org.testng.TestRunner@45e9b12d](1)" classname="api.test.UserTests" time="9.808">
    <system-out><![CDATA[HTTP/1.1 201 Created
Date: Sun, 11 May 2025 12:48:12 GMT
Content-Type: application/json; charset=utf-8
Content-Length: 114
Connection: keep-alive
Cache-Control: max-age=0, private, must-revalidate
Etag: W/"75cffb7f0fef1895f6772ed8ebc158b7"
Feature-Policy: camera 'none'; gyroscope 'none'; microphone 'none'; usb 'none'; fullscreen 'self'
Location: https://gorest.co.in/public/v2/users/7884430
Referrer-Policy: strict-origin-when-cross-origin
Vary: Origin
X-Content-Type-Options: nosniff
X-Download-Options: noopen
X-Frame-Options: SAMEORIGIN
X-Permitted-Cross-Domain-Policies: none
X-Ratelimit-Limit: 90
X-Ratelimit-Remaining: 89
X-Ratelimit-Reset: 1
X-Request-Id: 07e22cb2-3cc6-4c3a-97d2-05638db762e5
X-Runtime: 0.075952
X-Xss-Protection: 0
Cf-Cache-Status: DYNAMIC
Nel: {"report_to":"cf-nel","success_fraction":0.0,"max_age":604800}
Report-To: {"group":"cf-nel","max_age":604800,"endpoints":[{"url":"https://a.nel.cloudflare.com/report/v4?s=g%2Bcgu0fvco6wLBt0Cdfs1EHbp8uuj4%2BapG1VVrPF5Na51mqBLB8InMa82tkfwY1li3WzKzLyTv7M8vLmEQVYOPyDmNZLktgBIMev7VdvDKqAIolkzO6IIokNe3pn3gE%3D"}]}
Server: cloudflare
CF-RAY: 93e1ca0d89ed6db2-MXP
alt-svc: h3=":443"; ma=86400

{
    "id": 7884430,
    "name": "Jacquelyne Daugherty",
    "email": "birdie.miller@example.com",
    "gender": "male",
    "status": "active"
}
]]></system-out>
    <system-err><![CDATA[SLF4J(W): No SLF4J providers were found.
SLF4J(W): Defaulting to no-operation (NOP) logger implementation
SLF4J(W): See https://www.slf4j.org/codes.html#noProviders for further details.
]]></system-err>
  </testcase>
  <testcase name="get_User[org.testng.TestRunner@45e9b12d](1)" classname="api.test.UserTests" time="1.671">
    <system-out><![CDATA[HTTP/1.1 200 OK
Date: Sun, 11 May 2025 12:48:15 GMT
Content-Type: application/json; charset=utf-8
Transfer-Encoding: chunked
Connection: keep-alive
Cache-Control: max-age=0, private, must-revalidate
Etag: W/"75cffb7f0fef1895f6772ed8ebc158b7"
Feature-Policy: camera 'none'; gyroscope 'none'; microphone 'none'; usb 'none'; fullscreen 'self'
Referrer-Policy: strict-origin-when-cross-origin
Vary: Origin
X-Content-Type-Options: nosniff
X-Download-Options: noopen
X-Frame-Options: SAMEORIGIN
X-Permitted-Cross-Domain-Policies: none
X-Ratelimit-Limit: 90
X-Ratelimit-Remaining: 89
X-Ratelimit-Reset: 1
X-Request-Id: 1a90cb93-4952-4fd3-ae72-f915dfc15f88
X-Runtime: 0.082013
X-Xss-Protection: 0
Cf-Cache-Status: DYNAMIC
Nel: {"report_to":"cf-nel","success_fraction":0.0,"max_age":604800}
Report-To: {"group":"cf-nel","max_age":604800,"endpoints":[{"url":"https://a.nel.cloudflare.com/report/v4?s=JBbf9rW6BdxGo%2FZC2V1CXOPj0I6GWfhJAA1NYPmDUd8Sdod7djLOLEXkejvZtblPPISDiSnS7ZXefoFOcScxXCMQjW49alsLtYD4jauQTlaPfy0O1lsDJfta9OMiPPM%3D"}]}
Content-Encoding: gzip
Server: cloudflare
CF-RAY: 93e1ca1f0fd0ee4f-MXP
alt-svc: h3=":443"; ma=86400

{
    "id": 7884430,
    "name": "Jacquelyne Daugherty",
    "email": "birdie.miller@example.com",
    "gender": "male",
    "status": "active"
}
]]></system-out>
  </testcase>
  <testcase name="update_user[org.testng.TestRunner@45e9b12d](1)" classname="api.test.UserTests" time="3.046">
    <system-out><![CDATA[{
    "id": 7884430,
    "name": "Jacquelyne Daugherty",
    "email": "birdie.miller@example.com",
    "gender": "male",
    "status": "active"
}
{
    "id": 7884430,
    "name": "Jacquelyne Daugherty",
    "email": "birdie.miller@example.com",
    "gender": "male",
    "status": "active"
}
]]></system-out>
  </testcase>
  <testcase name="delete_user[org.testng.TestRunner@45e9b12d](1)" classname="api.test.UserTests" time="2.417">
    <system-out><![CDATA[After deleting User
]]></system-out>
  </testcase>
</testsuite>