<?xml version="1.0" encoding="UTF-8"?>
<testng-results ignored="0" total="4" passed="4" failed="0" skipped="0">
  <reporter-output>
  </reporter-output>
  <suite started-at="2025-05-11T18:00:23 IST" name="Suite" finished-at="2025-05-11T18:00:38 IST" duration-ms="14575">
    <groups>
    </groups>
    <test started-at="2025-05-11T18:00:23 IST" name="Test" finished-at="2025-05-11T18:00:38 IST" duration-ms="14575">
      <class name="api.test.UserTests">
        <test-method is-config="true" signature="setup()[pri:0, instance:api.test.UserTests@1ce24091]" started-at="2025-05-11T18:00:24 IST" name="setup" finished-at="2025-05-11T18:00:24 IST" duration-ms="585" status="PASS">
          <reporter-output>
          </reporter-output>
        </test-method> <!-- setup -->
        <test-method signature="post_User(org.testng.ITestContext)[pri:1, instance:api.test.UserTests@1ce24091]" started-at="2025-05-11T18:00:25 IST" name="post_User" finished-at="2025-05-11T18:00:32 IST" duration-ms="7717" status="PASS">
          <params>
            <param index="0">
              <value>
                <![CDATA[org.testng.TestRunner@345cbf40]]>
              </value>
            </param>
          </params>
          <reporter-output>
          </reporter-output>
        </test-method> <!-- post_User -->
        <test-method signature="get_User(org.testng.ITestContext)[pri:2, instance:api.test.UserTests@1ce24091]" started-at="2025-05-11T18:00:32 IST" name="get_User" finished-at="2025-05-11T18:00:33 IST" duration-ms="1087" status="PASS">
          <params>
            <param index="0">
              <value>
                <![CDATA[org.testng.TestRunner@345cbf40]]>
              </value>
            </param>
          </params>
          <reporter-output>
          </reporter-output>
        </test-method> <!-- get_User -->
        <test-method signature="update_user(org.testng.ITestContext)[pri:3, instance:api.test.UserTests@1ce24091]" started-at="2025-05-11T18:00:33 IST" name="update_user" finished-at="2025-05-11T18:00:36 IST" duration-ms="2838" status="PASS">
          <params>
            <param index="0">
              <value>
                <![CDATA[org.testng.TestRunner@345cbf40]]>
              </value>
            </param>
          </params>
          <reporter-output>
          </reporter-output>
        </test-method> <!-- update_user -->
        <test-method signature="delete_user(org.testng.ITestContext)[pri:4, instance:api.test.UserTests@1ce24091]" started-at="2025-05-11T18:00:36 IST" name="delete_user" finished-at="2025-05-11T18:00:38 IST" duration-ms="1537" status="PASS">
          <params>
            <param index="0">
              <value>
                <![CDATA[org.testng.TestRunner@345cbf40]]>
              </value>
            </param>
          </params>
          <reporter-output>
          </reporter-output>
        </test-method> <!-- delete_user -->
      </class> <!-- api.test.UserTests -->
    </test> <!-- Test -->
  </suite> <!-- Suite -->
</testng-results>
